Analysis & Synthesis report for Ulala
Tue Oct 02 10:53:24 2018
Quartus II 64-Bit Version 14.1.0 Build 186 12/03/2014 SJ Web Edition


---------------------
; Table of Contents ;
---------------------
  1. Legal Notice
  2. Analysis & Synthesis Summary
  3. Analysis & Synthesis Settings
  4. Parallel Compilation
  5. Analysis & Synthesis Source Files Read
  6. Analysis & Synthesis Resource Usage Summary
  7. Analysis & Synthesis Resource Utilization by Entity
  8. General Register Statistics
  9. Multiplexer Restructuring Statistics (Restructuring Performed)
 10. Parameter Settings for User Entity Instance: LPM_MUX:instmux
 11. Post-Synthesis Netlist Statistics for Top Partition
 12. Elapsed Time Per Partition
 13. Analysis & Synthesis Messages



----------------
; Legal Notice ;
----------------
Copyright (C) 1991-2014 Altera Corporation. All rights reserved.
Your use of Altera Corporation's design tools, logic functions 
and other software and tools, and its AMPP partner logic 
functions, and any output files from any of the foregoing 
(including device programming or simulation files), and any 
associated documentation or information are expressly subject 
to the terms and conditions of the Altera Program License 
Subscription Agreement, the Altera Quartus II License Agreement,
the Altera MegaCore Function License Agreement, or other 
applicable license agreement, including, without limitation, 
that your use is for the sole purpose of programming logic 
devices manufactured by Altera and sold by Altera or its 
authorized distributors.  Please refer to the applicable 
agreement for further details.



+------------------------------------------------------------------------------+
; Analysis & Synthesis Summary                                                 ;
+---------------------------------+--------------------------------------------+
; Analysis & Synthesis Status     ; Successful - Tue Oct 02 10:53:24 2018      ;
; Quartus II 64-Bit Version       ; 14.1.0 Build 186 12/03/2014 SJ Web Edition ;
; Revision Name                   ; Ulala                                      ;
; Top-level Entity Name           ; Ulala                                      ;
; Family                          ; Cyclone V                                  ;
; Logic utilization (in ALMs)     ; N/A                                        ;
; Total registers                 ; 0                                          ;
; Total pins                      ; 21                                         ;
; Total virtual pins              ; 0                                          ;
; Total block memory bits         ; 0                                          ;
; Total DSP Blocks                ; 0                                          ;
; Total HSSI RX PCSs              ; 0                                          ;
; Total HSSI PMA RX Deserializers ; 0                                          ;
; Total HSSI TX PCSs              ; 0                                          ;
; Total HSSI PMA TX Serializers   ; 0                                          ;
; Total PLLs                      ; 0                                          ;
; Total DLLs                      ; 0                                          ;
+---------------------------------+--------------------------------------------+


+---------------------------------------------------------------------------------------------------------------------------+
; Analysis & Synthesis Settings                                                                                             ;
+---------------------------------------------------------------------------------+--------------------+--------------------+
; Option                                                                          ; Setting            ; Default Value      ;
+---------------------------------------------------------------------------------+--------------------+--------------------+
; Device                                                                          ; 5CEBA4F23C7        ;                    ;
; Top-level entity name                                                           ; Ulala              ; Ulala              ;
; Family name                                                                     ; Cyclone V          ; Cyclone IV GX      ;
; Use smart compilation                                                           ; Off                ; Off                ;
; Enable parallel Assembler and TimeQuest Timing Analyzer during compilation      ; On                 ; On                 ;
; Enable compact report table                                                     ; Off                ; Off                ;
; Restructure Multiplexers                                                        ; Auto               ; Auto               ;
; MLAB Add Timing Constraints For Mixed-Port Feed-Through Mode Setting Don't Care ; Off                ; Off                ;
; Create Debugging Nodes for IP Cores                                             ; Off                ; Off                ;
; Preserve fewer node names                                                       ; On                 ; On                 ;
; Disable OpenCore Plus hardware evaluation                                       ; Off                ; Off                ;
; Verilog Version                                                                 ; Verilog_2001       ; Verilog_2001       ;
; VHDL Version                                                                    ; VHDL_1993          ; VHDL_1993          ;
; State Machine Processing                                                        ; Auto               ; Auto               ;
; Safe State Machine                                                              ; Off                ; Off                ;
; Extract Verilog State Machines                                                  ; On                 ; On                 ;
; Extract VHDL State Machines                                                     ; On                 ; On                 ;
; Ignore Verilog initial constructs                                               ; Off                ; Off                ;
; Iteration limit for constant Verilog loops                                      ; 5000               ; 5000               ;
; Iteration limit for non-constant Verilog loops                                  ; 250                ; 250                ;
; Add Pass-Through Logic to Inferred RAMs                                         ; On                 ; On                 ;
; Infer RAMs from Raw Logic                                                       ; On                 ; On                 ;
; Parallel Synthesis                                                              ; On                 ; On                 ;
; DSP Block Balancing                                                             ; Auto               ; Auto               ;
; NOT Gate Push-Back                                                              ; On                 ; On                 ;
; Power-Up Don't Care                                                             ; On                 ; On                 ;
; Remove Redundant Logic Cells                                                    ; Off                ; Off                ;
; Remove Duplicate Registers                                                      ; On                 ; On                 ;
; Ignore CARRY Buffers                                                            ; Off                ; Off                ;
; Ignore CASCADE Buffers                                                          ; Off                ; Off                ;
; Ignore GLOBAL Buffers                                                           ; Off                ; Off                ;
; Ignore ROW GLOBAL Buffers                                                       ; Off                ; Off                ;
; Ignore LCELL Buffers                                                            ; Off                ; Off                ;
; Ignore SOFT Buffers                                                             ; On                 ; On                 ;
; Limit AHDL Integers to 32 Bits                                                  ; Off                ; Off                ;
; Optimization Technique                                                          ; Balanced           ; Balanced           ;
; Carry Chain Length                                                              ; 70                 ; 70                 ;
; Auto Carry Chains                                                               ; On                 ; On                 ;
; Auto Open-Drain Pins                                                            ; On                 ; On                 ;
; Perform WYSIWYG Primitive Resynthesis                                           ; Off                ; Off                ;
; Auto ROM Replacement                                                            ; On                 ; On                 ;
; Auto RAM Replacement                                                            ; On                 ; On                 ;
; Auto DSP Block Replacement                                                      ; On                 ; On                 ;
; Auto Shift Register Replacement                                                 ; Auto               ; Auto               ;
; Allow Shift Register Merging across Hierarchies                                 ; Auto               ; Auto               ;
; Auto Clock Enable Replacement                                                   ; On                 ; On                 ;
; Strict RAM Replacement                                                          ; Off                ; Off                ;
; Allow Synchronous Control Signals                                               ; On                 ; On                 ;
; Force Use of Synchronous Clear Signals                                          ; Off                ; Off                ;
; Auto Resource Sharing                                                           ; Off                ; Off                ;
; Allow Any RAM Size For Recognition                                              ; Off                ; Off                ;
; Allow Any ROM Size For Recognition                                              ; Off                ; Off                ;
; Allow Any Shift Register Size For Recognition                                   ; Off                ; Off                ;
; Use LogicLock Constraints during Resource Balancing                             ; On                 ; On                 ;
; Ignore translate_off and synthesis_off directives                               ; Off                ; Off                ;
; Timing-Driven Synthesis                                                         ; On                 ; On                 ;
; Report Parameter Settings                                                       ; On                 ; On                 ;
; Report Source Assignments                                                       ; On                 ; On                 ;
; Report Connectivity Checks                                                      ; On                 ; On                 ;
; Ignore Maximum Fan-Out Assignments                                              ; Off                ; Off                ;
; Synchronization Register Chain Length                                           ; 3                  ; 3                  ;
; PowerPlay Power Optimization During Synthesis                                   ; Normal compilation ; Normal compilation ;
; HDL message level                                                               ; Level2             ; Level2             ;
; Suppress Register Optimization Related Messages                                 ; Off                ; Off                ;
; Number of Removed Registers Reported in Synthesis Report                        ; 5000               ; 5000               ;
; Number of Swept Nodes Reported in Synthesis Report                              ; 5000               ; 5000               ;
; Number of Inverted Registers Reported in Synthesis Report                       ; 100                ; 100                ;
; Clock MUX Protection                                                            ; On                 ; On                 ;
; Auto Gated Clock Conversion                                                     ; Off                ; Off                ;
; Block Design Naming                                                             ; Auto               ; Auto               ;
; SDC constraint protection                                                       ; Off                ; Off                ;
; Synthesis Effort                                                                ; Auto               ; Auto               ;
; Shift Register Replacement - Allow Asynchronous Clear Signal                    ; On                 ; On                 ;
; Pre-Mapping Resynthesis Optimization                                            ; Off                ; Off                ;
; Analysis & Synthesis Message Level                                              ; Medium             ; Medium             ;
; Disable Register Merging Across Hierarchies                                     ; Auto               ; Auto               ;
; Resource Aware Inference For Block RAM                                          ; On                 ; On                 ;
; Synthesis Seed                                                                  ; 1                  ; 1                  ;
; Automatic Parallel Synthesis                                                    ; On                 ; On                 ;
; Partial Reconfiguration Bitstream ID                                            ; Off                ; Off                ;
+---------------------------------------------------------------------------------+--------------------+--------------------+


+------------------------------------------+
; Parallel Compilation                     ;
+----------------------------+-------------+
; Processors                 ; Number      ;
+----------------------------+-------------+
; Number detected on machine ; 8           ;
; Maximum allowed            ; 4           ;
;                            ;             ;
; Average used               ; 1.00        ;
; Maximum used               ; 1           ;
;                            ;             ;
; Usage by Processor         ; % Time Used ;
;     Processor 1            ; 100.0%      ;
;     Processors 2-8         ;   0.0%      ;
+----------------------------+-------------+


+-------------------------------------------------------------------------------------------------------------------------------------------------------------------------+
; Analysis & Synthesis Source Files Read                                                                                                                                  ;
+----------------------------------+-----------------+------------------------------------------+---------------------------------------------------------------+---------+
; File Name with User-Entered Path ; Used in Netlist ; File Type                                ; File Name with Absolute Path                                  ; Library ;
+----------------------------------+-----------------+------------------------------------------+---------------------------------------------------------------+---------+
; Ulala.bdf                        ; yes             ; User Block Diagram/Schematic File        ; C:/Users/4482145/Documents/UC/Ulala.bdf                       ;         ;
; hexade.bdf                       ; yes             ; Auto-Found Block Diagram/Schematic File  ; C:/Users/4482145/Documents/UC/hexade.bdf                      ;         ;
; lpm_mux.tdf                      ; yes             ; Megafunction                             ; c:/altera/14.1/quartus/libraries/megafunctions/lpm_mux.tdf    ;         ;
; aglobal141.inc                   ; yes             ; Megafunction                             ; c:/altera/14.1/quartus/libraries/megafunctions/aglobal141.inc ;         ;
; muxlut.inc                       ; yes             ; Megafunction                             ; c:/altera/14.1/quartus/libraries/megafunctions/muxlut.inc     ;         ;
; bypassff.inc                     ; yes             ; Megafunction                             ; c:/altera/14.1/quartus/libraries/megafunctions/bypassff.inc   ;         ;
; altshift.inc                     ; yes             ; Megafunction                             ; c:/altera/14.1/quartus/libraries/megafunctions/altshift.inc   ;         ;
; db/mux_vjc.tdf                   ; yes             ; Auto-Generated Megafunction              ; C:/Users/4482145/Documents/UC/db/mux_vjc.tdf                  ;         ;
; somasubtrai.bdf                  ; yes             ; Auto-Found Block Diagram/Schematic File  ; C:/Users/4482145/Documents/UC/somasubtrai.bdf                 ;         ;
; cont.bdf                         ; yes             ; Auto-Found Block Diagram/Schematic File  ; C:/Users/4482145/Documents/UC/cont.bdf                        ;         ;
; somatop.bdf                      ; yes             ; Auto-Found Block Diagram/Schematic File  ; C:/Users/4482145/Documents/UC/somatop.bdf                     ;         ;
; shift-left1.bdf                  ; yes             ; Auto-Found Block Diagram/Schematic File  ; C:/Users/4482145/Documents/UC/shift-left1.bdf                 ;         ;
; shift-right1.bdf                 ; yes             ; Auto-Found Block Diagram/Schematic File  ; C:/Users/4482145/Documents/UC/shift-right1.bdf                ;         ;
+----------------------------------+-----------------+------------------------------------------+---------------------------------------------------------------+---------+


+-------------------------------------------------------------------------------------------------------------+
; Analysis & Synthesis Resource Usage Summary                                                                 ;
+---------------------------------------------+---------------------------------------------------------------+
; Resource                                    ; Usage                                                         ;
+---------------------------------------------+---------------------------------------------------------------+
; Estimate of Logic utilization (ALMs needed) ; 12                                                            ;
;                                             ;                                                               ;
; Combinational ALUT usage for logic          ; 16                                                            ;
;     -- 7 input functions                    ; 1                                                             ;
;     -- 6 input functions                    ; 6                                                             ;
;     -- 5 input functions                    ; 1                                                             ;
;     -- 4 input functions                    ; 7                                                             ;
;     -- <=3 input functions                  ; 1                                                             ;
;                                             ;                                                               ;
; Dedicated logic registers                   ; 0                                                             ;
;                                             ;                                                               ;
; I/O pins                                    ; 21                                                            ;
;                                             ;                                                               ;
; Total DSP Blocks                            ; 0                                                             ;
;                                             ;                                                               ;
; Maximum fan-out node                        ; lpm_mux:instmux|mux_vjc:auto_generated|l2_w3_n0_mux_dataout~0 ;
; Maximum fan-out                             ; 8                                                             ;
; Total fan-out                               ; 110                                                           ;
; Average fan-out                             ; 1.90                                                          ;
+---------------------------------------------+---------------------------------------------------------------+


+---------------------------------------------------------------------------------------------------------------------------------------------------------------------------------------------+
; Analysis & Synthesis Resource Utilization by Entity                                                                                                                                         ;
+--------------------------------+-------------------+--------------+-------------------+------------+------+--------------+---------------------------------------------------+--------------+
; Compilation Hierarchy Node     ; LC Combinationals ; LC Registers ; Block Memory Bits ; DSP Blocks ; Pins ; Virtual Pins ; Full Hierarchy Name                               ; Library Name ;
+--------------------------------+-------------------+--------------+-------------------+------------+------+--------------+---------------------------------------------------+--------------+
; |Ulala                         ; 16 (0)            ; 0 (0)        ; 0                 ; 0          ; 21   ; 0            ; |Ulala                                            ; work         ;
;    |SomaSubtrai:inst7|         ; 3 (0)             ; 0 (0)        ; 0                 ; 0          ; 0    ; 0            ; |Ulala|SomaSubtrai:inst7                          ; work         ;
;       |Cont:inst1|             ; 3 (0)             ; 0 (0)        ; 0                 ; 0          ; 0    ; 0            ; |Ulala|SomaSubtrai:inst7|Cont:inst1               ; work         ;
;          |somatop:inst8|       ; 2 (2)             ; 0 (0)        ; 0                 ; 0          ; 0    ; 0            ; |Ulala|SomaSubtrai:inst7|Cont:inst1|somatop:inst8 ; work         ;
;          |somatop:inst9|       ; 1 (1)             ; 0 (0)        ; 0                 ; 0          ; 0    ; 0            ; |Ulala|SomaSubtrai:inst7|Cont:inst1|somatop:inst9 ; work         ;
;    |SomaSubtrai:inst8|         ; 2 (0)             ; 0 (0)        ; 0                 ; 0          ; 0    ; 0            ; |Ulala|SomaSubtrai:inst8                          ; work         ;
;       |Cont:inst1|             ; 2 (0)             ; 0 (0)        ; 0                 ; 0          ; 0    ; 0            ; |Ulala|SomaSubtrai:inst8|Cont:inst1               ; work         ;
;          |somatop:inst8|       ; 2 (2)             ; 0 (0)        ; 0                 ; 0          ; 0    ; 0            ; |Ulala|SomaSubtrai:inst8|Cont:inst1|somatop:inst8 ; work         ;
;    |hexade:inst1|              ; 7 (7)             ; 0 (0)        ; 0                 ; 0          ; 0    ; 0            ; |Ulala|hexade:inst1                               ; work         ;
;    |lpm_mux:instmux|           ; 4 (0)             ; 0 (0)        ; 0                 ; 0          ; 0    ; 0            ; |Ulala|lpm_mux:instmux                            ; work         ;
;       |mux_vjc:auto_generated| ; 4 (4)             ; 0 (0)        ; 0                 ; 0          ; 0    ; 0            ; |Ulala|lpm_mux:instmux|mux_vjc:auto_generated     ; work         ;
+--------------------------------+-------------------+--------------+-------------------+------------+------+--------------+---------------------------------------------------+--------------+
Note: For table entries with two numbers listed, the numbers in parentheses indicate the number of resources of the given type used by the specific entity alone. The numbers listed outside of parentheses indicate the total resources of the given type used by the specific entity and all of its sub-entities in the hierarchy.


+------------------------------------------------------+
; General Register Statistics                          ;
+----------------------------------------------+-------+
; Statistic                                    ; Value ;
+----------------------------------------------+-------+
; Total registers                              ; 0     ;
; Number of registers using Synchronous Clear  ; 0     ;
; Number of registers using Synchronous Load   ; 0     ;
; Number of registers using Asynchronous Clear ; 0     ;
; Number of registers using Asynchronous Load  ; 0     ;
; Number of registers using Clock Enable       ; 0     ;
; Number of registers using Preset             ; 0     ;
+----------------------------------------------+-------+


+----------------------------------------------------------------------------------------------------------------------------------------------------------------------------------+
; Multiplexer Restructuring Statistics (Restructuring Performed)                                                                                                                   ;
+--------------------+-----------+---------------+----------------------+------------------------+------------+--------------------------------------------------------------------+
; Multiplexer Inputs ; Bus Width ; Baseline Area ; Area if Restructured ; Saving if Restructured ; Registered ; Example Multiplexer Output                                         ;
+--------------------+-----------+---------------+----------------------+------------------------+------------+--------------------------------------------------------------------+
; 4:1                ; 2 bits    ; 4 LEs         ; 4 LEs                ; 0 LEs                  ; No         ; |Ulala|lpm_mux:instmux|mux_vjc:auto_generated|l2_w1_n0_mux_dataout ;
+--------------------+-----------+---------------+----------------------+------------------------+------------+--------------------------------------------------------------------+


+--------------------------------------------------------------+
; Parameter Settings for User Entity Instance: LPM_MUX:instmux ;
+------------------------+-----------+-------------------------+
; Parameter Name         ; Value     ; Type                    ;
+------------------------+-----------+-------------------------+
; AUTO_CARRY_CHAINS      ; ON        ; AUTO_CARRY              ;
; IGNORE_CARRY_BUFFERS   ; OFF       ; IGNORE_CARRY            ;
; AUTO_CASCADE_CHAINS    ; ON        ; AUTO_CASCADE            ;
; IGNORE_CASCADE_BUFFERS ; OFF       ; IGNORE_CASCADE          ;
; LPM_WIDTH              ; 4         ; Untyped                 ;
; LPM_SIZE               ; 4         ; Untyped                 ;
; LPM_WIDTHS             ; 2         ; Untyped                 ;
; LPM_PIPELINE           ; 0         ; Untyped                 ;
; CBXI_PARAMETER         ; mux_vjc   ; Untyped                 ;
; DEVICE_FAMILY          ; Cyclone V ; Untyped                 ;
+------------------------+-----------+-------------------------+
Note: In order to hide this table in the UI and the text report file, please set the "Show Parameter Settings in Synthesis Report" option in "Analysis and Synthesis Settings -> More Settings" to "Off".


+-----------------------------------------------------+
; Post-Synthesis Netlist Statistics for Top Partition ;
+-----------------------+-----------------------------+
; Type                  ; Count                       ;
+-----------------------+-----------------------------+
; arriav_lcell_comb     ; 16                          ;
;     extend            ; 1                           ;
;         7 data inputs ; 1                           ;
;     normal            ; 15                          ;
;         2 data inputs ; 1                           ;
;         4 data inputs ; 7                           ;
;         5 data inputs ; 1                           ;
;         6 data inputs ; 6                           ;
; boundary_port         ; 21                          ;
;                       ;                             ;
; Max LUT depth         ; 3.00                        ;
; Average LUT depth     ; 2.81                        ;
+-----------------------+-----------------------------+


+-------------------------------+
; Elapsed Time Per Partition    ;
+----------------+--------------+
; Partition Name ; Elapsed Time ;
+----------------+--------------+
; Top            ; 00:00:00     ;
+----------------+--------------+


+-------------------------------+
; Analysis & Synthesis Messages ;
+-------------------------------+
Info: *******************************************************************
Info: Running Quartus II 64-Bit Analysis & Synthesis
    Info: Version 14.1.0 Build 186 12/03/2014 SJ Web Edition
    Info: Processing started: Tue Oct 02 10:53:11 2018
Info: Command: quartus_map --read_settings_files=on --write_settings_files=off Ulala -c Ulala
Info (11104): Parallel Compilation has detected 8 hyper-threaded processors. However, the extra hyper-threaded processors will not be used by default. Parallel Compilation will use 4 of the 4 physical processors detected instead.
Warning (12019): Can't analyze file -- file ../ULA/Ulala.bdf is missing
Warning (12019): Can't analyze file -- file shift-left.bdf is missing
Info (12021): Found 1 design units, including 1 entities, in source file ulala.bdf
    Info (12023): Found entity 1: Ulala
Warning (12019): Can't analyze file -- file shift.bdf is missing
Info (12021): Found 1 design units, including 1 entities, in source file shiftright-commux.bdf
    Info (12023): Found entity 1: shiftRight-comMux
Warning (12019): Can't analyze file -- file Divisorcomsinal.bdf is missing
Warning (12019): Can't analyze file -- file Divisor.bdf is missing
Info (12127): Elaborating entity "Ulala" for the top level hierarchy
Warning (12125): Using design file hexade.bdf, which is not specified as a design file for the current project, but contains definitions for 1 design units and 1 entities in project
    Info (12023): Found entity 1: hexade
Info (12128): Elaborating entity "hexade" for hierarchy "hexade:inst1"
Info (12128): Elaborating entity "LPM_MUX" for hierarchy "LPM_MUX:instmux"
Info (12130): Elaborated megafunction instantiation "LPM_MUX:instmux"
Info (12133): Instantiated megafunction "LPM_MUX:instmux" with the following parameter:
    Info (12134): Parameter "LPM_SIZE" = "4"
    Info (12134): Parameter "LPM_WIDTH" = "4"
    Info (12134): Parameter "LPM_WIDTHS" = "2"
Info (12021): Found 1 design units, including 1 entities, in source file db/mux_vjc.tdf
    Info (12023): Found entity 1: mux_vjc
Info (12128): Elaborating entity "mux_vjc" for hierarchy "LPM_MUX:instmux|mux_vjc:auto_generated"
Warning (12125): Using design file somasubtrai.bdf, which is not specified as a design file for the current project, but contains definitions for 1 design units and 1 entities in project
    Info (12023): Found entity 1: SomaSubtrai
Info (12128): Elaborating entity "somasubtrai" for hierarchy "somasubtrai:inst7"
Warning (12125): Using design file cont.bdf, which is not specified as a design file for the current project, but contains definitions for 1 design units and 1 entities in project
    Info (12023): Found entity 1: Cont
Info (12128): Elaborating entity "Cont" for hierarchy "somasubtrai:inst7|Cont:inst1"
Warning (12125): Using design file somatop.bdf, which is not specified as a design file for the current project, but contains definitions for 1 design units and 1 entities in project
    Info (12023): Found entity 1: somatop
Info (12128): Elaborating entity "somatop" for hierarchy "somasubtrai:inst7|Cont:inst1|somatop:inst10"
Warning (12125): Using design file shift-left1.bdf, which is not specified as a design file for the current project, but contains definitions for 1 design units and 1 entities in project
    Info (12023): Found entity 1: shift-left1
Info (12128): Elaborating entity "shift-left1" for hierarchy "shift-left1:inst2"
Warning (275009): Pin "1" not connected
Warning (12125): Using design file shift-right1.bdf, which is not specified as a design file for the current project, but contains definitions for 1 design units and 1 entities in project
    Info (12023): Found entity 1: shift-right1
Info (12128): Elaborating entity "shift-right1" for hierarchy "shift-right1:inst4"
Warning (275009): Pin "4" not connected
Warning (275008): Primitive "GND" of instance "inst" not used
Info (286030): Timing-Driven Synthesis is running
Info (16010): Generating hard_block partition "hard_block:auto_generated_inst"
    Info (16011): Adding 0 node(s), including 0 DDIO, 0 PLL, 0 transceiver and 0 LCELL
Info (21057): Implemented 37 device resources after synthesis - the final resource count might be different
    Info (21058): Implemented 10 input pins
    Info (21059): Implemented 11 output pins
    Info (21061): Implemented 16 logic cells
Info: Quartus II 64-Bit Analysis & Synthesis was successful. 0 errors, 14 warnings
    Info: Peak virtual memory: 4849 megabytes
    Info: Processing ended: Tue Oct 02 10:53:24 2018
    Info: Elapsed time: 00:00:13
    Info: Total CPU time (on all processors): 00:00:27


